14:25:28.365 INFO - Selenium build info: version: '3.6.0', revision: '6fbf3ec767'
14:25:28.366 INFO - Launching a standalone Selenium Server
2017-11-03 14:25:28.408:INFO::main: Logging initialized @447ms to org.seleniumhq.jetty9.util.log.StdErrLog
14:25:28.474 INFO - Driver class not found: com.opera.core.systems.OperaDriver
14:25:28.502 INFO - Driver provider class org.openqa.selenium.ie.InternetExplorerDriver registration is skipped:
 registration capabilities Capabilities [{ensureCleanSession=true, browserName=internet explorer, version=, platform=WINDOWS}] does not match the current platform MAC
14:25:28.502 INFO - Driver provider class org.openqa.selenium.edge.EdgeDriver registration is skipped:
 registration capabilities Capabilities [{browserName=MicrosoftEdge, version=, platform=WINDOWS}] does not match the current platform MAC
14:25:28.541 INFO - Using the passthrough mode handler
2017-11-03 14:25:28.569:INFO:osjs.Server:main: jetty-9.4.5.v20170502
2017-11-03 14:25:28.606:WARN:osjs.SecurityHandler:main: ServletContext@o.s.j.s.ServletContextHandler@7d20d0b{/,null,STARTING} has uncovered http methods for path: /
2017-11-03 14:25:28.612:INFO:osjsh.ContextHandler:main: Started o.s.j.s.ServletContextHandler@7d20d0b{/,null,AVAILABLE}
2017-11-03 14:25:28.640:INFO:osjs.AbstractConnector:main: Started ServerConnector@609db43b{HTTP/1.1,[http/1.1]}{0.0.0.0:4445}
2017-11-03 14:25:28.641:INFO:osjs.Server:main: Started @679ms
14:25:28.641 INFO - Selenium Server is up and running
2017-11-03 14:25:28.897:INFO:osjshC.ROOT:qtp1906808037-12: org.openqa.selenium.remote.server.WebDriverServlet-72967906: Initialising WebDriverServlet
14:25:28.952 INFO - Binding default provider to: org.openqa.selenium.chrome.ChromeDriverService
14:25:28.953 INFO - Found handler: org.openqa.selenium.remote.server.commandhandler.BeginSession@4602a098
14:25:28.958 INFO - /session: Executing POST on /session (handler: BeginSession)
14:25:29.010 INFO - Capabilities are: Capabilities {acceptSslCerts=true, name=User Tests, browserName=chrome, javascriptEnabled=true, platformName=ANY, platform=ANY, }
14:25:29.012 INFO - Capabilities {acceptSslCerts=true, name=User Tests, browserName=chrome, javascriptEnabled=true, platformName=ANY, platform=ANY, } matched class org.openqa.selenium.remote.server.ServicedSession$Factory (provider: org.openqa.selenium.chrome.ChromeDriverService)
14:25:29.012 INFO - Capabilities {acceptSslCerts=true, name=User Tests, browserName=chrome, javascriptEnabled=true, platformName=ANY, platform=ANY, } matched class org.openqa.selenium.remote.server.ServicedSession$Factory (provider: org.openqa.selenium.chrome.ChromeDriverService)
Starting ChromeDriver 2.33.506106 (8a06c39c4582fbfbab6966dbb1c38a9173bfb1a2) on port 40814
Only local connections are allowed.
14:25:30.669 INFO - Found handler: org.openqa.selenium.remote.server.ServicedSession@13f34a78
14:25:30.669 INFO - Handler thread for session 45b3c14b380b6d795db70152968f7a3a (chrome): Executing POST on /session/45b3c14b380b6d795db70152968f7a3a/url (handler: ServicedSession)
14:25:30.672 INFO - To upstream: {"url":"http://localhost:8080/#/login"}
14:25:31.299 INFO - To downstream: {"sessionId":"45b3c14b380b6d795db70152968f7a3a","status":0,"value":null}
14:25:31.806 INFO - Found handler: org.openqa.selenium.remote.server.ServicedSession@13f34a78
14:25:31.806 INFO - Handler thread for session 45b3c14b380b6d795db70152968f7a3a (chrome): Executing POST on /session/45b3c14b380b6d795db70152968f7a3a/accept_alert (handler: ServicedSession)
14:25:31.808 INFO - To upstream: 
14:25:31.810 INFO - To downstream: {"sessionId":"45b3c14b380b6d795db70152968f7a3a","status":27,"value":{"message":"no alert open\n  (Session info: chrome=61.0.3163.100)\n  (Driver info: chromedriver=2.33.506106 (8a06c39c4582fbfbab6966dbb1c38a9173bfb1a2),platform=Mac OS X 10.12.6 x86_64)"}}
14:25:32.319 INFO - Found handler: org.openqa.selenium.remote.server.ServicedSession@13f34a78
14:25:32.320 INFO - Handler thread for session 45b3c14b380b6d795db70152968f7a3a (chrome): Executing POST on /session/45b3c14b380b6d795db70152968f7a3a/elements (handler: ServicedSession)
14:25:32.322 INFO - To upstream: {"using":"css selector","value":"a[id=signButton]"}
14:25:32.342 INFO - To downstream: {"sessionId":"45b3c14b380b6d795db70152968f7a3a","status":0,"value":[{"ELEMENT":"0.009015448915248303-1"}]}
14:25:32.346 INFO - Found handler: org.openqa.selenium.remote.server.ServicedSession@13f34a78
14:25:32.347 INFO - Handler thread for session 45b3c14b380b6d795db70152968f7a3a (chrome): Executing GET on /session/45b3c14b380b6d795db70152968f7a3a/element/0.009015448915248303-1/displayed (handler: ServicedSession)
14:25:32.368 INFO - To downstream: {"sessionId":"45b3c14b380b6d795db70152968f7a3a","status":0,"value":true}
14:25:32.374 INFO - Found handler: org.openqa.selenium.remote.server.ServicedSession@13f34a78
14:25:32.374 INFO - Handler thread for session 45b3c14b380b6d795db70152968f7a3a (chrome): Executing POST on /session/45b3c14b380b6d795db70152968f7a3a/element (handler: ServicedSession)
14:25:32.377 INFO - To upstream: {"using":"css selector","value":"a[id=signButton]"}
14:25:32.399 INFO - To downstream: {"sessionId":"45b3c14b380b6d795db70152968f7a3a","status":0,"value":{"ELEMENT":"0.009015448915248303-1"}}
14:25:32.403 INFO - Found handler: org.openqa.selenium.remote.server.ServicedSession@13f34a78
14:25:32.404 INFO - Handler thread for session 45b3c14b380b6d795db70152968f7a3a (chrome): Executing POST on /session/45b3c14b380b6d795db70152968f7a3a/element/0.009015448915248303-1/click (handler: ServicedSession)
14:25:32.405 INFO - To upstream: 
14:25:32.465 INFO - To downstream: {"sessionId":"45b3c14b380b6d795db70152968f7a3a","status":0,"value":null}
14:25:32.474 INFO - Found handler: org.openqa.selenium.remote.server.ServicedSession@13f34a78
14:25:32.474 INFO - Handler thread for session 45b3c14b380b6d795db70152968f7a3a (chrome): Executing POST on /session/45b3c14b380b6d795db70152968f7a3a/elements (handler: ServicedSession)
14:25:32.476 INFO - To upstream: {"using":"css selector","value":"button[ng-click=\"goToSignupCode()\"]"}
14:25:32.665 INFO - To downstream: {"sessionId":"45b3c14b380b6d795db70152968f7a3a","status":0,"value":[{"ELEMENT":"0.009015448915248303-2"}]}
14:25:32.671 INFO - Found handler: org.openqa.selenium.remote.server.ServicedSession@13f34a78
14:25:32.672 INFO - Handler thread for session 45b3c14b380b6d795db70152968f7a3a (chrome): Executing GET on /session/45b3c14b380b6d795db70152968f7a3a/element/0.009015448915248303-2/displayed (handler: ServicedSession)
14:25:32.706 INFO - To downstream: {"sessionId":"45b3c14b380b6d795db70152968f7a3a","status":0,"value":false}
14:25:33.219 INFO - Found handler: org.openqa.selenium.remote.server.ServicedSession@13f34a78
14:25:33.220 INFO - Handler thread for session 45b3c14b380b6d795db70152968f7a3a (chrome): Executing GET on /session/45b3c14b380b6d795db70152968f7a3a/element/0.009015448915248303-2/displayed (handler: ServicedSession)
14:25:33.232 INFO - To downstream: {"sessionId":"45b3c14b380b6d795db70152968f7a3a","status":0,"value":true}
14:25:33.237 INFO - Found handler: org.openqa.selenium.remote.server.ServicedSession@13f34a78
14:25:33.237 INFO - Handler thread for session 45b3c14b380b6d795db70152968f7a3a (chrome): Executing POST on /session/45b3c14b380b6d795db70152968f7a3a/elements (handler: ServicedSession)
14:25:33.239 INFO - To upstream: {"using":"css selector","value":"button[ng-click=\"goToSignupCode()\"]"}
14:25:33.250 INFO - To downstream: {"sessionId":"45b3c14b380b6d795db70152968f7a3a","status":0,"value":[{"ELEMENT":"0.009015448915248303-2"}]}
14:25:33.756 INFO - Found handler: org.openqa.selenium.remote.server.ServicedSession@13f34a78
14:25:33.756 INFO - Handler thread for session 45b3c14b380b6d795db70152968f7a3a (chrome): Executing GET on /session/45b3c14b380b6d795db70152968f7a3a/element/0.009015448915248303-2/text (handler: ServicedSession)
14:25:33.779 INFO - To downstream: {"sessionId":"45b3c14b380b6d795db70152968f7a3a","status":0,"value":"No, but I have a code"}
14:25:33.785 INFO - Found handler: org.openqa.selenium.remote.server.ServicedSession@13f34a78
14:25:33.785 INFO - Handler thread for session 45b3c14b380b6d795db70152968f7a3a (chrome): Executing POST on /session/45b3c14b380b6d795db70152968f7a3a/element/0.009015448915248303-2/click (handler: ServicedSession)
14:25:33.787 INFO - To upstream: 
14:25:33.848 INFO - To downstream: {"sessionId":"45b3c14b380b6d795db70152968f7a3a","status":0,"value":null}
14:25:36.859 INFO - Found handler: org.openqa.selenium.remote.server.ServicedSession@13f34a78
14:25:36.860 INFO - Handler thread for session 45b3c14b380b6d795db70152968f7a3a (chrome): Executing POST on /session/45b3c14b380b6d795db70152968f7a3a/element (handler: ServicedSession)
14:25:36.862 INFO - To upstream: {"using":"css selector","value":"input[ng-model=\"user.company_code1\"]"}
14:25:36.887 INFO - To downstream: {"sessionId":"45b3c14b380b6d795db70152968f7a3a","status":0,"value":{"ELEMENT":"0.009015448915248303-3"}}
14:25:36.891 INFO - Found handler: org.openqa.selenium.remote.server.ServicedSession@13f34a78
14:25:36.892 INFO - Handler thread for session 45b3c14b380b6d795db70152968f7a3a (chrome): Executing POST on /session/45b3c14b380b6d795db70152968f7a3a/element/0.009015448915248303-3/value (handler: ServicedSession)
14:25:36.893 INFO - To upstream: {"value":["0"]}
14:25:36.963 INFO - To downstream: {"sessionId":"45b3c14b380b6d795db70152968f7a3a","status":0,"value":null}
14:25:36.967 INFO - Found handler: org.openqa.selenium.remote.server.ServicedSession@13f34a78
14:25:36.967 INFO - Handler thread for session 45b3c14b380b6d795db70152968f7a3a (chrome): Executing POST on /session/45b3c14b380b6d795db70152968f7a3a/element (handler: ServicedSession)
14:25:36.968 INFO - To upstream: {"using":"css selector","value":"input[ng-model=\"user.company_code2\"]"}
14:25:36.988 INFO - To downstream: {"sessionId":"45b3c14b380b6d795db70152968f7a3a","status":0,"value":{"ELEMENT":"0.009015448915248303-4"}}
14:25:36.991 INFO - Found handler: org.openqa.selenium.remote.server.ServicedSession@13f34a78
14:25:36.991 INFO - Handler thread for session 45b3c14b380b6d795db70152968f7a3a (chrome): Executing POST on /session/45b3c14b380b6d795db70152968f7a3a/element/0.009015448915248303-4/value (handler: ServicedSession)
14:25:36.993 INFO - To upstream: {"value":["0"]}
14:25:37.040 INFO - To downstream: {"sessionId":"45b3c14b380b6d795db70152968f7a3a","status":0,"value":null}
14:25:37.044 INFO - Found handler: org.openqa.selenium.remote.server.ServicedSession@13f34a78
14:25:37.044 INFO - Handler thread for session 45b3c14b380b6d795db70152968f7a3a (chrome): Executing POST on /session/45b3c14b380b6d795db70152968f7a3a/element (handler: ServicedSession)
14:25:37.046 INFO - To upstream: {"using":"css selector","value":"input[ng-model=\"user.company_code3\"]"}
14:25:37.065 INFO - To downstream: {"sessionId":"45b3c14b380b6d795db70152968f7a3a","status":0,"value":{"ELEMENT":"0.009015448915248303-5"}}
14:25:37.068 INFO - Found handler: org.openqa.selenium.remote.server.ServicedSession@13f34a78
14:25:37.069 INFO - Handler thread for session 45b3c14b380b6d795db70152968f7a3a (chrome): Executing POST on /session/45b3c14b380b6d795db70152968f7a3a/element/0.009015448915248303-5/value (handler: ServicedSession)
14:25:37.070 INFO - To upstream: {"value":["0"]}
14:25:37.117 INFO - To downstream: {"sessionId":"45b3c14b380b6d795db70152968f7a3a","status":0,"value":null}
14:25:37.121 INFO - Found handler: org.openqa.selenium.remote.server.ServicedSession@13f34a78
14:25:37.121 INFO - Handler thread for session 45b3c14b380b6d795db70152968f7a3a (chrome): Executing POST on /session/45b3c14b380b6d795db70152968f7a3a/element (handler: ServicedSession)
14:25:37.123 INFO - To upstream: {"using":"css selector","value":"input[ng-model=\"user.company_code4\"]"}
14:25:37.142 INFO - To downstream: {"sessionId":"45b3c14b380b6d795db70152968f7a3a","status":0,"value":{"ELEMENT":"0.009015448915248303-6"}}
14:25:37.148 INFO - Found handler: org.openqa.selenium.remote.server.ServicedSession@13f34a78
14:25:37.148 INFO - Handler thread for session 45b3c14b380b6d795db70152968f7a3a (chrome): Executing POST on /session/45b3c14b380b6d795db70152968f7a3a/element/0.009015448915248303-6/value (handler: ServicedSession)
14:25:37.150 INFO - To upstream: {"value":["1"]}
14:25:37.196 INFO - To downstream: {"sessionId":"45b3c14b380b6d795db70152968f7a3a","status":0,"value":null}
14:25:37.200 INFO - Found handler: org.openqa.selenium.remote.server.ServicedSession@13f34a78
14:25:37.200 INFO - Handler thread for session 45b3c14b380b6d795db70152968f7a3a (chrome): Executing POST on /session/45b3c14b380b6d795db70152968f7a3a/element (handler: ServicedSession)
14:25:37.201 INFO - To upstream: {"using":"css selector","value":"input[type=email]"}
14:25:37.223 INFO - To downstream: {"sessionId":"45b3c14b380b6d795db70152968f7a3a","status":0,"value":{"ELEMENT":"0.009015448915248303-7"}}
14:25:37.228 INFO - Found handler: org.openqa.selenium.remote.server.ServicedSession@13f34a78
14:25:37.228 INFO - Handler thread for session 45b3c14b380b6d795db70152968f7a3a (chrome): Executing POST on /session/45b3c14b380b6d795db70152968f7a3a/element/0.009015448915248303-7/value (handler: ServicedSession)
14:25:37.230 INFO - To upstream: {"value":["p","e","r","s","o","n","a","l","@","g","m","a","i","l",".","c","o","m"]}
14:25:37.376 INFO - To downstream: {"sessionId":"45b3c14b380b6d795db70152968f7a3a","status":0,"value":null}
14:25:37.379 INFO - Found handler: org.openqa.selenium.remote.server.ServicedSession@13f34a78
14:25:37.379 INFO - Handler thread for session 45b3c14b380b6d795db70152968f7a3a (chrome): Executing POST on /session/45b3c14b380b6d795db70152968f7a3a/element (handler: ServicedSession)
14:25:37.380 INFO - To upstream: {"using":"css selector","value":"div[ng-click=\"submitCompanyCode()\"]"}
14:25:37.400 INFO - To downstream: {"sessionId":"45b3c14b380b6d795db70152968f7a3a","status":0,"value":{"ELEMENT":"0.009015448915248303-8"}}
14:25:37.403 INFO - Found handler: org.openqa.selenium.remote.server.ServicedSession@13f34a78
14:25:37.404 INFO - Handler thread for session 45b3c14b380b6d795db70152968f7a3a (chrome): Executing POST on /session/45b3c14b380b6d795db70152968f7a3a/element/0.009015448915248303-8/click (handler: ServicedSession)
14:25:37.405 INFO - To upstream: 
14:25:37.477 INFO - To downstream: {"sessionId":"45b3c14b380b6d795db70152968f7a3a","status":0,"value":null}
14:25:37.987 INFO - Found handler: org.openqa.selenium.remote.server.ServicedSession@13f34a78
14:25:37.987 INFO - Handler thread for session 45b3c14b380b6d795db70152968f7a3a (chrome): Executing POST on /session/45b3c14b380b6d795db70152968f7a3a/element (handler: ServicedSession)
14:25:37.989 INFO - To upstream: {"using":"css selector","value":"input[ng-model=\"user.first_name\"]"}
14:25:38.010 INFO - To downstream: {"sessionId":"45b3c14b380b6d795db70152968f7a3a","status":0,"value":{"ELEMENT":"0.009015448915248303-9"}}
14:25:38.016 INFO - Found handler: org.openqa.selenium.remote.server.ServicedSession@13f34a78
14:25:38.016 INFO - Handler thread for session 45b3c14b380b6d795db70152968f7a3a (chrome): Executing POST on /session/45b3c14b380b6d795db70152968f7a3a/element/0.009015448915248303-9/value (handler: ServicedSession)
14:25:38.018 INFO - To upstream: {"value":["E","d"]}
14:25:38.075 INFO - To downstream: {"sessionId":"45b3c14b380b6d795db70152968f7a3a","status":0,"value":null}
14:25:38.078 INFO - Found handler: org.openqa.selenium.remote.server.ServicedSession@13f34a78
14:25:38.078 INFO - Handler thread for session 45b3c14b380b6d795db70152968f7a3a (chrome): Executing POST on /session/45b3c14b380b6d795db70152968f7a3a/element (handler: ServicedSession)
14:25:38.080 INFO - To upstream: {"using":"css selector","value":"input[ng-model=\"user.last_name\"]"}
14:25:38.100 INFO - To downstream: {"sessionId":"45b3c14b380b6d795db70152968f7a3a","status":0,"value":{"ELEMENT":"0.009015448915248303-10"}}
14:25:38.103 INFO - Found handler: org.openqa.selenium.remote.server.ServicedSession@13f34a78
14:25:38.103 INFO - Handler thread for session 45b3c14b380b6d795db70152968f7a3a (chrome): Executing POST on /session/45b3c14b380b6d795db70152968f7a3a/element/0.009015448915248303-10/value (handler: ServicedSession)
14:25:38.104 INFO - To upstream: {"value":["O","'","b","a","n","i","o","n"]}
14:25:38.189 INFO - To downstream: {"sessionId":"45b3c14b380b6d795db70152968f7a3a","status":0,"value":null}
14:25:38.192 INFO - Found handler: org.openqa.selenium.remote.server.ServicedSession@13f34a78
14:25:38.192 INFO - Handler thread for session 45b3c14b380b6d795db70152968f7a3a (chrome): Executing POST on /session/45b3c14b380b6d795db70152968f7a3a/element (handler: ServicedSession)
14:25:38.194 INFO - To upstream: {"using":"css selector","value":"input[ng-model=\"user.password\"]"}
14:25:38.213 INFO - To downstream: {"sessionId":"45b3c14b380b6d795db70152968f7a3a","status":0,"value":{"ELEMENT":"0.009015448915248303-11"}}
14:25:38.217 INFO - Found handler: org.openqa.selenium.remote.server.ServicedSession@13f34a78
14:25:38.217 INFO - Handler thread for session 45b3c14b380b6d795db70152968f7a3a (chrome): Executing POST on /session/45b3c14b380b6d795db70152968f7a3a/element/0.009015448915248303-11/value (handler: ServicedSession)
14:25:38.219 INFO - To upstream: {"value":["1","2","3","&","J","H","Y","l","n"]}
14:25:38.305 INFO - To downstream: {"sessionId":"45b3c14b380b6d795db70152968f7a3a","status":0,"value":null}
14:25:38.308 INFO - Found handler: org.openqa.selenium.remote.server.ServicedSession@13f34a78
14:25:38.309 INFO - Handler thread for session 45b3c14b380b6d795db70152968f7a3a (chrome): Executing POST on /session/45b3c14b380b6d795db70152968f7a3a/element (handler: ServicedSession)
14:25:38.310 INFO - To upstream: {"using":"css selector","value":"input[id=check_pass]"}
14:25:38.330 INFO - To downstream: {"sessionId":"45b3c14b380b6d795db70152968f7a3a","status":0,"value":{"ELEMENT":"0.009015448915248303-12"}}
14:25:38.336 INFO - Found handler: org.openqa.selenium.remote.server.ServicedSession@13f34a78
14:25:38.336 INFO - Handler thread for session 45b3c14b380b6d795db70152968f7a3a (chrome): Executing POST on /session/45b3c14b380b6d795db70152968f7a3a/element/0.009015448915248303-12/click (handler: ServicedSession)
14:25:38.337 INFO - To upstream: 
14:25:38.428 INFO - To downstream: {"sessionId":"45b3c14b380b6d795db70152968f7a3a","status":0,"value":null}
14:25:38.432 INFO - Found handler: org.openqa.selenium.remote.server.ServicedSession@13f34a78
14:25:38.433 INFO - Handler thread for session 45b3c14b380b6d795db70152968f7a3a (chrome): Executing POST on /session/45b3c14b380b6d795db70152968f7a3a/element (handler: ServicedSession)
14:25:38.434 INFO - To upstream: {"using":"css selector","value":"div[ng-click=\"nextSignupInfo()\"]"}
14:25:38.456 INFO - To downstream: {"sessionId":"45b3c14b380b6d795db70152968f7a3a","status":0,"value":{"ELEMENT":"0.009015448915248303-13"}}
14:25:38.459 INFO - Found handler: org.openqa.selenium.remote.server.ServicedSession@13f34a78
14:25:38.459 INFO - Handler thread for session 45b3c14b380b6d795db70152968f7a3a (chrome): Executing POST on /session/45b3c14b380b6d795db70152968f7a3a/element/0.009015448915248303-13/click (handler: ServicedSession)
14:25:38.460 INFO - To upstream: 
14:25:38.533 INFO - To downstream: {"sessionId":"45b3c14b380b6d795db70152968f7a3a","status":0,"value":null}
14:25:39.040 INFO - Found handler: org.openqa.selenium.remote.server.ServicedSession@13f34a78
14:25:39.041 INFO - Handler thread for session 45b3c14b380b6d795db70152968f7a3a (chrome): Executing POST on /session/45b3c14b380b6d795db70152968f7a3a/element (handler: ServicedSession)
14:25:39.044 INFO - To upstream: {"using":"css selector","value":"input[id=zip]"}
14:25:39.069 INFO - To downstream: {"sessionId":"45b3c14b380b6d795db70152968f7a3a","status":0,"value":{"ELEMENT":"0.009015448915248303-14"}}
14:25:39.073 INFO - Found handler: org.openqa.selenium.remote.server.ServicedSession@13f34a78
14:25:39.073 INFO - Handler thread for session 45b3c14b380b6d795db70152968f7a3a (chrome): Executing POST on /session/45b3c14b380b6d795db70152968f7a3a/element/0.009015448915248303-14/value (handler: ServicedSession)
14:25:39.075 INFO - To upstream: {"value":["4"]}
14:25:39.130 INFO - To downstream: {"sessionId":"45b3c14b380b6d795db70152968f7a3a","status":0,"value":null}
14:25:39.135 INFO - Found handler: org.openqa.selenium.remote.server.ServicedSession@13f34a78
14:25:39.135 INFO - Handler thread for session 45b3c14b380b6d795db70152968f7a3a (chrome): Executing POST on /session/45b3c14b380b6d795db70152968f7a3a/element (handler: ServicedSession)
14:25:39.136 INFO - To upstream: {"using":"css selector","value":"button[id=account-create]"}
14:25:39.156 INFO - To downstream: {"sessionId":"45b3c14b380b6d795db70152968f7a3a","status":0,"value":{"ELEMENT":"0.009015448915248303-15"}}
14:25:39.159 INFO - Found handler: org.openqa.selenium.remote.server.ServicedSession@13f34a78
14:25:39.160 INFO - Handler thread for session 45b3c14b380b6d795db70152968f7a3a (chrome): Executing POST on /session/45b3c14b380b6d795db70152968f7a3a/element/0.009015448915248303-15/click (handler: ServicedSession)
14:25:39.161 INFO - To upstream: 
14:25:39.217 INFO - To downstream: {"sessionId":"45b3c14b380b6d795db70152968f7a3a","status":0,"value":null}
14:25:39.724 INFO - Found handler: org.openqa.selenium.remote.server.ServicedSession@13f34a78
14:25:39.724 INFO - Handler thread for session 45b3c14b380b6d795db70152968f7a3a (chrome): Executing POST on /session/45b3c14b380b6d795db70152968f7a3a/url (handler: ServicedSession)
14:25:39.725 INFO - To upstream: {"url":"http://localhost:8080/#/login"}
14:25:39.755 INFO - To downstream: {"sessionId":"45b3c14b380b6d795db70152968f7a3a","status":0,"value":null}
14:25:39.761 INFO - Found handler: org.openqa.selenium.remote.server.ServicedSession@13f34a78
14:25:39.762 INFO - Handler thread for session 45b3c14b380b6d795db70152968f7a3a (chrome): Executing POST on /session/45b3c14b380b6d795db70152968f7a3a/refresh (handler: ServicedSession)
14:25:39.764 INFO - To upstream: 
14:25:40.360 INFO - To downstream: {"sessionId":"45b3c14b380b6d795db70152968f7a3a","status":0,"value":null}
14:25:40.364 INFO - Found handler: org.openqa.selenium.remote.server.ServicedSession@13f34a78
14:25:40.364 INFO - Handler thread for session 45b3c14b380b6d795db70152968f7a3a (chrome): Executing POST on /session/45b3c14b380b6d795db70152968f7a3a/elements (handler: ServicedSession)
14:25:40.365 INFO - To upstream: {"using":"css selector","value":"input[id=email]"}
14:25:40.430 INFO - To downstream: {"sessionId":"45b3c14b380b6d795db70152968f7a3a","status":0,"value":[{"ELEMENT":"0.3467881090436782-1"}]}
14:25:40.433 INFO - Found handler: org.openqa.selenium.remote.server.ServicedSession@13f34a78
14:25:40.433 INFO - Handler thread for session 45b3c14b380b6d795db70152968f7a3a (chrome): Executing GET on /session/45b3c14b380b6d795db70152968f7a3a/element/0.3467881090436782-1/displayed (handler: ServicedSession)
14:25:40.466 INFO - To downstream: {"sessionId":"45b3c14b380b6d795db70152968f7a3a","status":0,"value":true}
14:25:40.470 INFO - Found handler: org.openqa.selenium.remote.server.ServicedSession@13f34a78
14:25:40.470 INFO - Handler thread for session 45b3c14b380b6d795db70152968f7a3a (chrome): Executing POST on /session/45b3c14b380b6d795db70152968f7a3a/element (handler: ServicedSession)
14:25:40.472 INFO - To upstream: {"using":"css selector","value":"input[id=email]"}
14:25:40.493 INFO - To downstream: {"sessionId":"45b3c14b380b6d795db70152968f7a3a","status":0,"value":{"ELEMENT":"0.3467881090436782-1"}}
14:25:40.497 INFO - Found handler: org.openqa.selenium.remote.server.ServicedSession@13f34a78
14:25:40.497 INFO - Handler thread for session 45b3c14b380b6d795db70152968f7a3a (chrome): Executing POST on /session/45b3c14b380b6d795db70152968f7a3a/element/0.3467881090436782-1/value (handler: ServicedSession)
14:25:40.498 INFO - To upstream: {"value":["p","e","r","s","o","n","a","l","@","g","m","a","i","l",".","c","o","m"]}
14:25:40.624 INFO - To downstream: {"sessionId":"45b3c14b380b6d795db70152968f7a3a","status":0,"value":null}
14:25:40.628 INFO - Found handler: org.openqa.selenium.remote.server.ServicedSession@13f34a78
14:25:40.628 INFO - Handler thread for session 45b3c14b380b6d795db70152968f7a3a (chrome): Executing POST on /session/45b3c14b380b6d795db70152968f7a3a/element (handler: ServicedSession)
14:25:40.630 INFO - To upstream: {"using":"css selector","value":"input[id=pass]"}
14:25:40.649 INFO - To downstream: {"sessionId":"45b3c14b380b6d795db70152968f7a3a","status":0,"value":{"ELEMENT":"0.3467881090436782-2"}}
14:25:40.652 INFO - Found handler: org.openqa.selenium.remote.server.ServicedSession@13f34a78
14:25:40.652 INFO - Handler thread for session 45b3c14b380b6d795db70152968f7a3a (chrome): Executing POST on /session/45b3c14b380b6d795db70152968f7a3a/element/0.3467881090436782-2/value (handler: ServicedSession)
14:25:40.654 INFO - To upstream: {"value":["1","2","3","&","J","H","Y","l","n"]}
14:25:40.742 INFO - To downstream: {"sessionId":"45b3c14b380b6d795db70152968f7a3a","status":0,"value":null}
14:25:40.747 INFO - Found handler: org.openqa.selenium.remote.server.ServicedSession@13f34a78
14:25:40.747 INFO - Handler thread for session 45b3c14b380b6d795db70152968f7a3a (chrome): Executing POST on /session/45b3c14b380b6d795db70152968f7a3a/element (handler: ServicedSession)
14:25:40.749 INFO - To upstream: {"using":"css selector","value":"button[id=signIn]"}
14:25:40.770 INFO - To downstream: {"sessionId":"45b3c14b380b6d795db70152968f7a3a","status":0,"value":{"ELEMENT":"0.3467881090436782-3"}}
14:25:40.773 INFO - Found handler: org.openqa.selenium.remote.server.ServicedSession@13f34a78
14:25:40.773 INFO - Handler thread for session 45b3c14b380b6d795db70152968f7a3a (chrome): Executing POST on /session/45b3c14b380b6d795db70152968f7a3a/element/0.3467881090436782-3/click (handler: ServicedSession)
14:25:40.774 INFO - To upstream: 
14:25:40.835 INFO - To downstream: {"sessionId":"45b3c14b380b6d795db70152968f7a3a","status":0,"value":null}
14:25:40.840 INFO - Found handler: org.openqa.selenium.remote.server.ServicedSession@13f34a78
14:25:40.840 INFO - Handler thread for session 45b3c14b380b6d795db70152968f7a3a (chrome): Executing POST on /session/45b3c14b380b6d795db70152968f7a3a/elements (handler: ServicedSession)
14:25:40.841 INFO - To upstream: {"using":"css selector","value":"div[class=\"featured-deal\"]"}
14:25:40.870 INFO - To downstream: {"sessionId":"45b3c14b380b6d795db70152968f7a3a","status":0,"value":[]}
14:25:41.377 INFO - Found handler: org.openqa.selenium.remote.server.ServicedSession@13f34a78
14:25:41.377 INFO - Handler thread for session 45b3c14b380b6d795db70152968f7a3a (chrome): Executing POST on /session/45b3c14b380b6d795db70152968f7a3a/elements (handler: ServicedSession)
14:25:41.379 INFO - To upstream: {"using":"css selector","value":"div[class=\"featured-deal\"]"}
14:25:41.455 INFO - To downstream: {"sessionId":"45b3c14b380b6d795db70152968f7a3a","status":0,"value":[]}
14:25:41.964 INFO - Found handler: org.openqa.selenium.remote.server.ServicedSession@13f34a78
14:25:41.964 INFO - Handler thread for session 45b3c14b380b6d795db70152968f7a3a (chrome): Executing POST on /session/45b3c14b380b6d795db70152968f7a3a/elements (handler: ServicedSession)
14:25:41.966 INFO - To upstream: {"using":"css selector","value":"div[class=\"featured-deal\"]"}
14:25:41.977 INFO - To downstream: {"sessionId":"45b3c14b380b6d795db70152968f7a3a","status":0,"value":[{"ELEMENT":"0.3467881090436782-4"}]}
14:25:41.980 INFO - Found handler: org.openqa.selenium.remote.server.ServicedSession@13f34a78
14:25:41.980 INFO - Handler thread for session 45b3c14b380b6d795db70152968f7a3a (chrome): Executing GET on /session/45b3c14b380b6d795db70152968f7a3a/element/0.3467881090436782-4/displayed (handler: ServicedSession)
14:25:41.999 INFO - To downstream: {"sessionId":"45b3c14b380b6d795db70152968f7a3a","status":0,"value":true}
14:25:42.005 INFO - Found handler: org.openqa.selenium.remote.server.ServicedSession@13f34a78
14:25:42.005 INFO - Handler thread for session 45b3c14b380b6d795db70152968f7a3a (chrome): Executing DELETE on /session/45b3c14b380b6d795db70152968f7a3a (handler: ServicedSession)
14:25:42.057 INFO - To downstream: {"sessionId":"45b3c14b380b6d795db70152968f7a3a","status":0,"value":null}
14:25:42.062 INFO - Removing session org.openqa.selenium.remote.server.ServicedSession@13f34a78
14:25:42.074 INFO - To downstream: {"sessionId":"","status":0,"value":null}
